<?xml version="1.0" encoding="UTF-8"?>
<testsuite name="co.com.activos.ArchitectureTest" tests="6" skipped="0" failures="0" errors="0" timestamp="2024-06-21T11:26:27" hostname="activos-Vivobook-ASUSLaptop-X1704VA-X1704VA" time="0.202">
  <properties/>
  <testcase name="domainClassesShouldNotBeNamedWithToolNames()" classname="co.com.activos.ArchitectureTest" time="0.073"/>
  <testcase name="domainClassesShouldNotHaveFieldsNamedWithToolNames()" classname="co.com.activos.ArchitectureTest" time="0.017"/>
  <testcase name="useCaseFinalFields()" classname="co.com.activos.ArchitectureTest" time="0.005"/>
  <testcase name="beansShouldOnlyHaveFinalFields()" classname="co.com.activos.ArchitectureTest" time="0.018"/>
  <testcase name="reactiveFlowsShouldUseAwsAsyncClients()" classname="co.com.activos.ArchitectureTest" time="0.046"/>
  <testcase name="domainClassesShouldNotBeNamedWithTechSuffixes()" classname="co.com.activos.ArchitectureTest" time="0.002"/>
  <system-out><![CDATA[06:26:24.490 [Test worker] INFO com.tngtech.archunit.core.PluginLoader -- Detected Java version 17.0.11
]]></system-out>
  <system-err><![CDATA[]]></system-err>
</testsuite>
